(node:12392) [MONGOOSE] DeprecationWarning: Mongoose: the `strictQuery` option will be switched back to `false` by default in Mongoose 7. Use `mongoose.set('strictQuery', false);` if you want to prepare for this change. Or use `mongoose.set('strictQuery', true);` to suppress this warning.
(Use `node --trace-deprecation ...` to show where the warning was created)
[31mH[39m[33mt[39m[32mt[39m[34mp[39m [31mS[39m[33me[39m[32mr[39m[34mv[39m[35me[39m[31mr[39m [32mi[39m[34ms[39m [31mU[39m[33mp[39m [34ma[39m[35mn[39m[31md[39m [32mR[39m[34mu[39m[35mn[39m[31mn[39m[33mi[39m[32mn[39m[34mg[39m [31mo[39m[33mn[39m [34mh[39m[35mt[39m[31mt[39m[33mp[39m[32m:[39m[34m/[39m[35m/[39m[31ml[39m[33mo[39m[32mc[39m[34ma[39m[35ml[39m[31mh[39m[33mo[39m[32ms[39m[34mt[39m[35m:[39m[31m3[39m[33m5[39m[32m0[39m[34m1[39m 
[32mFront Mongoose default connection open[39m
[35mDB connected Successfully[39m
Success
Success
(node:12432) [MONGOOSE] DeprecationWarning: Mongoose: the `strictQuery` option will be switched back to `false` by default in Mongoose 7. Use `mongoose.set('strictQuery', false);` if you want to prepare for this change. Or use `mongoose.set('strictQuery', true);` to suppress this warning.
(Use `node --trace-deprecation ...` to show where the warning was created)
[31mH[39m[33mt[39m[32mt[39m[34mp[39m [31mS[39m[33me[39m[32mr[39m[34mv[39m[35me[39m[31mr[39m [32mi[39m[34ms[39m [31mU[39m[33mp[39m [34ma[39m[35mn[39m[31md[39m [32mR[39m[34mu[39m[35mn[39m[31mn[39m[33mi[39m[32mn[39m[34mg[39m [31mo[39m[33mn[39m [34mh[39m[35mt[39m[31mt[39m[33mp[39m[32m:[39m[34m/[39m[35m/[39m[31ml[39m[33mo[39m[32mc[39m[34ma[39m[35ml[39m[31mh[39m[33mo[39m[32ms[39m[34mt[39m[35m:[39m[31m3[39m[33m5[39m[32m0[39m[34m1[39m 
[32mFront Mongoose default connection open[39m
[35mDB connected Successfully[39m
Success
Success
[0mPOST /api/advanced/datagetAll [33m404[0m 4.339 ms - 163[0m
[0mGET /api/advanced/datagetAll [32m200[0m 13.118 ms - 1227[0m
(node:9868) [MONGOOSE] DeprecationWarning: Mongoose: the `strictQuery` option will be switched back to `false` by default in Mongoose 7. Use `mongoose.set('strictQuery', false);` if you want to prepare for this change. Or use `mongoose.set('strictQuery', true);` to suppress this warning.
(Use `node --trace-deprecation ...` to show where the warning was created)
[31mH[39m[33mt[39m[32mt[39m[34mp[39m [31mS[39m[33me[39m[32mr[39m[34mv[39m[35me[39m[31mr[39m [32mi[39m[34ms[39m [31mU[39m[33mp[39m [34ma[39m[35mn[39m[31md[39m [32mR[39m[34mu[39m[35mn[39m[31mn[39m[33mi[39m[32mn[39m[34mg[39m [31mo[39m[33mn[39m [34mh[39m[35mt[39m[31mt[39m[33mp[39m[32m:[39m[34m/[39m[35m/[39m[31ml[39m[33mo[39m[32mc[39m[34ma[39m[35ml[39m[31mh[39m[33mo[39m[32ms[39m[34mt[39m[35m:[39m[31m3[39m[33m5[39m[32m0[39m[34m1[39m 
[32mFront Mongoose default connection open[39m
[35mDB connected Successfully[39m
(node:14988) [MONGOOSE] DeprecationWarning: Mongoose: the `strictQuery` option will be switched back to `false` by default in Mongoose 7. Use `mongoose.set('strictQuery', false);` if you want to prepare for this change. Or use `mongoose.set('strictQuery', true);` to suppress this warning.
(Use `node --trace-deprecation ...` to show where the warning was created)
[31mH[39m[33mt[39m[32mt[39m[34mp[39m [31mS[39m[33me[39m[32mr[39m[34mv[39m[35me[39m[31mr[39m [32mi[39m[34ms[39m [31mU[39m[33mp[39m [34ma[39m[35mn[39m[31md[39m [32mR[39m[34mu[39m[35mn[39m[31mn[39m[33mi[39m[32mn[39m[34mg[39m [31mo[39m[33mn[39m [34mh[39m[35mt[39m[31mt[39m[33mp[39m[32m:[39m[34m/[39m[35m/[39m[31ml[39m[33mo[39m[32mc[39m[34ma[39m[35ml[39m[31mh[39m[33mo[39m[32ms[39m[34mt[39m[35m:[39m[31m3[39m[33m5[39m[32m0[39m[34m1[39m 
[32mFront Mongoose default connection open[39m
[35mDB connected Successfully[39m
[0mGET /api/advanced/submit [33m404[0m 4.698 ms - 158[0m
[0mPOST /api/advanced/submit [32m200[0m 68.566 ms - 1243[0m
Success
[0mGET /api/back/getAllData [32m200[0m 8.710 ms - 6297[0m
(node:11772) [MONGOOSE] DeprecationWarning: Mongoose: the `strictQuery` option will be switched back to `false` by default in Mongoose 7. Use `mongoose.set('strictQuery', false);` if you want to prepare for this change. Or use `mongoose.set('strictQuery', true);` to suppress this warning.
(Use `node --trace-deprecation ...` to show where the warning was created)
[31mH[39m[33mt[39m[32mt[39m[34mp[39m [31mS[39m[33me[39m[32mr[39m[34mv[39m[35me[39m[31mr[39m [32mi[39m[34ms[39m [31mU[39m[33mp[39m [34ma[39m[35mn[39m[31md[39m [32mR[39m[34mu[39m[35mn[39m[31mn[39m[33mi[39m[32mn[39m[34mg[39m [31mo[39m[33mn[39m [34mh[39m[35mt[39m[31mt[39m[33mp[39m[32m:[39m[34m/[39m[35m/[39m[31ml[39m[33mo[39m[32mc[39m[34ma[39m[35ml[39m[31mh[39m[33mo[39m[32ms[39m[34mt[39m[35m:[39m[31m3[39m[33m5[39m[32m0[39m[34m1[39m 
[32mFront Mongoose default connection open[39m
[35mDB connected Successfully[39m
[0mPOST /api/back/submit [32m200[0m 77.204 ms - 6014[0m
[0mGET /api/course/getCourse [32m200[0m 8.436 ms - 441[0m
(node:19908) [MONGOOSE] DeprecationWarning: Mongoose: the `strictQuery` option will be switched back to `false` by default in Mongoose 7. Use `mongoose.set('strictQuery', false);` if you want to prepare for this change. Or use `mongoose.set('strictQuery', true);` to suppress this warning.
(Use `node --trace-deprecation ...` to show where the warning was created)
[31mH[39m[33mt[39m[32mt[39m[34mp[39m [31mS[39m[33me[39m[32mr[39m[34mv[39m[35me[39m[31mr[39m [32mi[39m[34ms[39m [31mU[39m[33mp[39m [34ma[39m[35mn[39m[31md[39m [32mR[39m[34mu[39m[35mn[39m[31mn[39m[33mi[39m[32mn[39m[34mg[39m [31mo[39m[33mn[39m [34mh[39m[35mt[39m[31mt[39m[33mp[39m[32m:[39m[34m/[39m[35m/[39m[31ml[39m[33mo[39m[32mc[39m[34ma[39m[35ml[39m[31mh[39m[33mo[39m[32ms[39m[34mt[39m[35m:[39m[31m3[39m[33m5[39m[32m0[39m[34m1[39m 
[32mFront Mongoose default connection open[39m
[35mDB connected Successfully[39m
[0mGET /api/user/getRental [32m200[0m 12.381 ms - 423[0m
(node:11560) [MONGOOSE] DeprecationWarning: Mongoose: the `strictQuery` option will be switched back to `false` by default in Mongoose 7. Use `mongoose.set('strictQuery', false);` if you want to prepare for this change. Or use `mongoose.set('strictQuery', true);` to suppress this warning.
(Use `node --trace-deprecation ...` to show where the warning was created)
[31mH[39m[33mt[39m[32mt[39m[34mp[39m [31mS[39m[33me[39m[32mr[39m[34mv[39m[35me[39m[31mr[39m [32mi[39m[34ms[39m [31mU[39m[33mp[39m [34ma[39m[35mn[39m[31md[39m [32mR[39m[34mu[39m[35mn[39m[31mn[39m[33mi[39m[32mn[39m[34mg[39m [31mo[39m[33mn[39m [34mh[39m[35mt[39m[31mt[39m[33mp[39m[32m:[39m[34m/[39m[35m/[39m[31ml[39m[33mo[39m[32mc[39m[34ma[39m[35ml[39m[31mh[39m[33mo[39m[32ms[39m[34mt[39m[35m:[39m[31m3[39m[33m5[39m[32m0[39m[34m1[39m 
[32mFront Mongoose default connection open[39m
[35mDB connected Successfully[39m
[0mGET /api/university/getUniversity [32m200[0m 12.996 ms - 1739[0m
(node:17796) [MONGOOSE] DeprecationWarning: Mongoose: the `strictQuery` option will be switched back to `false` by default in Mongoose 7. Use `mongoose.set('strictQuery', false);` if you want to prepare for this change. Or use `mongoose.set('strictQuery', true);` to suppress this warning.
(Use `node --trace-deprecation ...` to show where the warning was created)
[31mH[39m[33mt[39m[32mt[39m[34mp[39m [31mS[39m[33me[39m[32mr[39m[34mv[39m[35me[39m[31mr[39m [32mi[39m[34ms[39m [31mU[39m[33mp[39m [34ma[39m[35mn[39m[31md[39m [32mR[39m[34mu[39m[35mn[39m[31mn[39m[33mi[39m[32mn[39m[34mg[39m [31mo[39m[33mn[39m [34mh[39m[35mt[39m[31mt[39m[33mp[39m[32m:[39m[34m/[39m[35m/[39m[31ml[39m[33mo[39m[32mc[39m[34ma[39m[35ml[39m[31mh[39m[33mo[39m[32ms[39m[34mt[39m[35m:[39m[31m3[39m[33m5[39m[32m0[39m[34m1[39m 
[32mFront Mongoose default connection open[39m
[35mDB connected Successfully[39m
Success
Error: Cannot find module 'express'
Require stack:
- D:\backend\mongo-query\tas\App.js
    at Function.Module._resolveFilename (internal/modules/cjs/loader.js:902:15)
    at Module.Hook._require.Module.require (C:\Users\mario\AppData\Roaming\npm\node_modules\pm2\node_modules\require-in-the-middle\index.js:81:25)
    at require (internal/modules/cjs/helpers.js:92:18)
    at Object.<anonymous> (D:\backend\mongo-query\tas\App.js:1:17)
    at Module._compile (internal/modules/cjs/loader.js:1085:14)
    at Object.Module._extensions..js (internal/modules/cjs/loader.js:1114:10)
    at Module.load (internal/modules/cjs/loader.js:950:32)
    at Function.Module._load (internal/modules/cjs/loader.js:790:14)
    at Object.<anonymous> (C:\Users\mario\AppData\Roaming\npm\node_modules\pm2\lib\ProcessContainerFork.js:33:23)
    at Module._compile (internal/modules/cjs/loader.js:1085:14) {
  code: 'MODULE_NOT_FOUND',
  requireStack: [ 'D:\\backend\\mongo-query\\tas\\App.js' ]
}
Error: Cannot find module 'express'
Require stack:
- D:\backend\mongo-query\tas\App.js
    at Function.Module._resolveFilename (internal/modules/cjs/loader.js:902:15)
    at Module.Hook._require.Module.require (C:\Users\mario\AppData\Roaming\npm\node_modules\pm2\node_modules\require-in-the-middle\index.js:81:25)
    at require (internal/modules/cjs/helpers.js:92:18)
    at Object.<anonymous> (D:\backend\mongo-query\tas\App.js:1:17)
    at Module._compile (internal/modules/cjs/loader.js:1085:14)
    at Object.Module._extensions..js (internal/modules/cjs/loader.js:1114:10)
    at Module.load (internal/modules/cjs/loader.js:950:32)
    at Function.Module._load (internal/modules/cjs/loader.js:790:14)
    at Object.<anonymous> (C:\Users\mario\AppData\Roaming\npm\node_modules\pm2\lib\ProcessContainerFork.js:33:23)
    at Module._compile (internal/modules/cjs/loader.js:1085:14) {
  code: 'MODULE_NOT_FOUND',
  requireStack: [ 'D:\\backend\\mongo-query\\tas\\App.js' ]
}
Error: Cannot find module 'express'
Require stack:
- D:\backend\mongo-query\tas\App.js
    at Function.Module._resolveFilename (internal/modules/cjs/loader.js:902:15)
    at Module.Hook._require.Module.require (C:\Users\mario\AppData\Roaming\npm\node_modules\pm2\node_modules\require-in-the-middle\index.js:81:25)
    at require (internal/modules/cjs/helpers.js:92:18)
    at Object.<anonymous> (D:\backend\mongo-query\tas\App.js:1:17)
    at Module._compile (internal/modules/cjs/loader.js:1085:14)
    at Object.Module._extensions..js (internal/modules/cjs/loader.js:1114:10)
    at Module.load (internal/modules/cjs/loader.js:950:32)
    at Function.Module._load (internal/modules/cjs/loader.js:790:14)
    at Object.<anonymous> (C:\Users\mario\AppData\Roaming\npm\node_modules\pm2\lib\ProcessContainerFork.js:33:23)
    at Module._compile (internal/modules/cjs/loader.js:1085:14) {
  code: 'MODULE_NOT_FOUND',
  requireStack: [ 'D:\\backend\\mongo-query\\tas\\App.js' ]
}
Error: Cannot find module 'express'
Require stack:
- D:\backend\mongo-query\tas\App.js
    at Function.Module._resolveFilename (internal/modules/cjs/loader.js:902:15)
    at Module.Hook._require.Module.require (C:\Users\mario\AppData\Roaming\npm\node_modules\pm2\node_modules\require-in-the-middle\index.js:81:25)
    at require (internal/modules/cjs/helpers.js:92:18)
    at Object.<anonymous> (D:\backend\mongo-query\tas\App.js:1:17)
    at Module._compile (internal/modules/cjs/loader.js:1085:14)
    at Object.Module._extensions..js (internal/modules/cjs/loader.js:1114:10)
    at Module.load (internal/modules/cjs/loader.js:950:32)
    at Function.Module._load (internal/modules/cjs/loader.js:790:14)
    at Object.<anonymous> (C:\Users\mario\AppData\Roaming\npm\node_modules\pm2\lib\ProcessContainerFork.js:33:23)
    at Module._compile (internal/modules/cjs/loader.js:1085:14) {
  code: 'MODULE_NOT_FOUND',
  requireStack: [ 'D:\\backend\\mongo-query\\tas\\App.js' ]
}
Error: Cannot find module 'express'
Require stack:
- D:\backend\mongo-query\tas\App.js
    at Function.Module._resolveFilename (internal/modules/cjs/loader.js:902:15)
    at Module.Hook._require.Module.require (C:\Users\mario\AppData\Roaming\npm\node_modules\pm2\node_modules\require-in-the-middle\index.js:81:25)
    at require (internal/modules/cjs/helpers.js:92:18)
    at Object.<anonymous> (D:\backend\mongo-query\tas\App.js:1:17)
    at Module._compile (internal/modules/cjs/loader.js:1085:14)
    at Object.Module._extensions..js (internal/modules/cjs/loader.js:1114:10)
    at Module.load (internal/modules/cjs/loader.js:950:32)
    at Function.Module._load (internal/modules/cjs/loader.js:790:14)
    at Object.<anonymous> (C:\Users\mario\AppData\Roaming\npm\node_modules\pm2\lib\ProcessContainerFork.js:33:23)
    at Module._compile (internal/modules/cjs/loader.js:1085:14) {
  code: 'MODULE_NOT_FOUND',
  requireStack: [ 'D:\\backend\\mongo-query\\tas\\App.js' ]
}
Error: Cannot find module 'express'
Require stack:
- D:\backend\mongo-query\tas\App.js
    at Function.Module._resolveFilename (internal/modules/cjs/loader.js:902:15)
    at Module.Hook._require.Module.require (C:\Users\mario\AppData\Roaming\npm\node_modules\pm2\node_modules\require-in-the-middle\index.js:81:25)
    at require (internal/modules/cjs/helpers.js:92:18)
    at Object.<anonymous> (D:\backend\mongo-query\tas\App.js:1:17)
    at Module._compile (internal/modules/cjs/loader.js:1085:14)
    at Object.Module._extensions..js (internal/modules/cjs/loader.js:1114:10)
    at Module.load (internal/modules/cjs/loader.js:950:32)
    at Function.Module._load (internal/modules/cjs/loader.js:790:14)
    at Object.<anonymous> (C:\Users\mario\AppData\Roaming\npm\node_modules\pm2\lib\ProcessContainerFork.js:33:23)
    at Module._compile (internal/modules/cjs/loader.js:1085:14) {
  code: 'MODULE_NOT_FOUND',
  requireStack: [ 'D:\\backend\\mongo-query\\tas\\App.js' ]
}
Error: Cannot find module 'express'
Require stack:
- D:\backend\mongo-query\tas\App.js
    at Function.Module._resolveFilename (internal/modules/cjs/loader.js:902:15)
    at Module.Hook._require.Module.require (C:\Users\mario\AppData\Roaming\npm\node_modules\pm2\node_modules\require-in-the-middle\index.js:81:25)
    at require (internal/modules/cjs/helpers.js:92:18)
    at Object.<anonymous> (D:\backend\mongo-query\tas\App.js:1:17)
    at Module._compile (internal/modules/cjs/loader.js:1085:14)
    at Object.Module._extensions..js (internal/modules/cjs/loader.js:1114:10)
    at Module.load (internal/modules/cjs/loader.js:950:32)
    at Function.Module._load (internal/modules/cjs/loader.js:790:14)
    at Object.<anonymous> (C:\Users\mario\AppData\Roaming\npm\node_modules\pm2\lib\ProcessContainerFork.js:33:23)
    at Module._compile (internal/modules/cjs/loader.js:1085:14) {
  code: 'MODULE_NOT_FOUND',
  requireStack: [ 'D:\\backend\\mongo-query\\tas\\App.js' ]
}
Error: Cannot find module 'express'
Require stack:
- D:\backend\mongo-query\tas\App.js
    at Function.Module._resolveFilename (internal/modules/cjs/loader.js:902:15)
    at Module.Hook._require.Module.require (C:\Users\mario\AppData\Roaming\npm\node_modules\pm2\node_modules\require-in-the-middle\index.js:81:25)
    at require (internal/modules/cjs/helpers.js:92:18)
    at Object.<anonymous> (D:\backend\mongo-query\tas\App.js:1:17)
    at Module._compile (internal/modules/cjs/loader.js:1085:14)
    at Object.Module._extensions..js (internal/modules/cjs/loader.js:1114:10)
    at Module.load (internal/modules/cjs/loader.js:950:32)
    at Function.Module._load (internal/modules/cjs/loader.js:790:14)
    at Object.<anonymous> (C:\Users\mario\AppData\Roaming\npm\node_modules\pm2\lib\ProcessContainerFork.js:33:23)
    at Module._compile (internal/modules/cjs/loader.js:1085:14) {
  code: 'MODULE_NOT_FOUND',
  requireStack: [ 'D:\\backend\\mongo-query\\tas\\App.js' ]
}
Error: Cannot find module 'express'
Require stack:
- D:\backend\mongo-query\tas\App.js
    at Function.Module._resolveFilename (internal/modules/cjs/loader.js:902:15)
    at Module.Hook._require.Module.require (C:\Users\mario\AppData\Roaming\npm\node_modules\pm2\node_modules\require-in-the-middle\index.js:81:25)
    at require (internal/modules/cjs/helpers.js:92:18)
    at Object.<anonymous> (D:\backend\mongo-query\tas\App.js:1:17)
    at Module._compile (internal/modules/cjs/loader.js:1085:14)
    at Object.Module._extensions..js (internal/modules/cjs/loader.js:1114:10)
    at Module.load (internal/modules/cjs/loader.js:950:32)
    at Function.Module._load (internal/modules/cjs/loader.js:790:14)
    at Object.<anonymous> (C:\Users\mario\AppData\Roaming\npm\node_modules\pm2\lib\ProcessContainerFork.js:33:23)
    at Module._compile (internal/modules/cjs/loader.js:1085:14) {
  code: 'MODULE_NOT_FOUND',
  requireStack: [ 'D:\\backend\\mongo-query\\tas\\App.js' ]
}
Error: Cannot find module 'express'
Require stack:
- D:\backend\mongo-query\tas\App.js
    at Function.Module._resolveFilename (internal/modules/cjs/loader.js:902:15)
    at Module.Hook._require.Module.require (C:\Users\mario\AppData\Roaming\npm\node_modules\pm2\node_modules\require-in-the-middle\index.js:81:25)
    at require (internal/modules/cjs/helpers.js:92:18)
    at Object.<anonymous> (D:\backend\mongo-query\tas\App.js:1:17)
    at Module._compile (internal/modules/cjs/loader.js:1085:14)
    at Object.Module._extensions..js (internal/modules/cjs/loader.js:1114:10)
    at Module.load (internal/modules/cjs/loader.js:950:32)
    at Function.Module._load (internal/modules/cjs/loader.js:790:14)
    at Object.<anonymous> (C:\Users\mario\AppData\Roaming\npm\node_modules\pm2\lib\ProcessContainerFork.js:33:23)
    at Module._compile (internal/modules/cjs/loader.js:1085:14) {
  code: 'MODULE_NOT_FOUND',
  requireStack: [ 'D:\\backend\\mongo-query\\tas\\App.js' ]
}
Error: Cannot find module 'express'
Require stack:
- D:\backend\mongo-query\tas\App.js
    at Function.Module._resolveFilename (internal/modules/cjs/loader.js:902:15)
    at Module.Hook._require.Module.require (C:\Users\mario\AppData\Roaming\npm\node_modules\pm2\node_modules\require-in-the-middle\index.js:81:25)
    at require (internal/modules/cjs/helpers.js:92:18)
    at Object.<anonymous> (D:\backend\mongo-query\tas\App.js:1:17)
    at Module._compile (internal/modules/cjs/loader.js:1085:14)
    at Object.Module._extensions..js (internal/modules/cjs/loader.js:1114:10)
    at Module.load (internal/modules/cjs/loader.js:950:32)
    at Function.Module._load (internal/modules/cjs/loader.js:790:14)
    at Object.<anonymous> (C:\Users\mario\AppData\Roaming\npm\node_modules\pm2\lib\ProcessContainerFork.js:33:23)
    at Module._compile (internal/modules/cjs/loader.js:1085:14) {
  code: 'MODULE_NOT_FOUND',
  requireStack: [ 'D:\\backend\\mongo-query\\tas\\App.js' ]
}
Error: Cannot find module 'express'
Require stack:
- D:\backend\mongo-query\tas\App.js
    at Function.Module._resolveFilename (internal/modules/cjs/loader.js:902:15)
    at Module.Hook._require.Module.require (C:\Users\mario\AppData\Roaming\npm\node_modules\pm2\node_modules\require-in-the-middle\index.js:81:25)
    at require (internal/modules/cjs/helpers.js:92:18)
    at Object.<anonymous> (D:\backend\mongo-query\tas\App.js:1:17)
    at Module._compile (internal/modules/cjs/loader.js:1085:14)
    at Object.Module._extensions..js (internal/modules/cjs/loader.js:1114:10)
    at Module.load (internal/modules/cjs/loader.js:950:32)
    at Function.Module._load (internal/modules/cjs/loader.js:790:14)
    at Object.<anonymous> (C:\Users\mario\AppData\Roaming\npm\node_modules\pm2\lib\ProcessContainerFork.js:33:23)
    at Module._compile (internal/modules/cjs/loader.js:1085:14) {
  code: 'MODULE_NOT_FOUND',
  requireStack: [ 'D:\\backend\\mongo-query\\tas\\App.js' ]
}
Error: Cannot find module 'express'
Require stack:
- D:\backend\mongo-query\tas\App.js
    at Function.Module._resolveFilename (internal/modules/cjs/loader.js:902:15)
    at Module.Hook._require.Module.require (C:\Users\mario\AppData\Roaming\npm\node_modules\pm2\node_modules\require-in-the-middle\index.js:81:25)
    at require (internal/modules/cjs/helpers.js:92:18)
    at Object.<anonymous> (D:\backend\mongo-query\tas\App.js:1:17)
    at Module._compile (internal/modules/cjs/loader.js:1085:14)
    at Object.Module._extensions..js (internal/modules/cjs/loader.js:1114:10)
    at Module.load (internal/modules/cjs/loader.js:950:32)
    at Function.Module._load (internal/modules/cjs/loader.js:790:14)
    at Object.<anonymous> (C:\Users\mario\AppData\Roaming\npm\node_modules\pm2\lib\ProcessContainerFork.js:33:23)
    at Module._compile (internal/modules/cjs/loader.js:1085:14) {
  code: 'MODULE_NOT_FOUND',
  requireStack: [ 'D:\\backend\\mongo-query\\tas\\App.js' ]
}
Error: Cannot find module 'express'
Require stack:
- D:\backend\mongo-query\tas\App.js
    at Function.Module._resolveFilename (internal/modules/cjs/loader.js:902:15)
    at Module.Hook._require.Module.require (C:\Users\mario\AppData\Roaming\npm\node_modules\pm2\node_modules\require-in-the-middle\index.js:81:25)
    at require (internal/modules/cjs/helpers.js:92:18)
    at Object.<anonymous> (D:\backend\mongo-query\tas\App.js:1:17)
    at Module._compile (internal/modules/cjs/loader.js:1085:14)
    at Object.Module._extensions..js (internal/modules/cjs/loader.js:1114:10)
    at Module.load (internal/modules/cjs/loader.js:950:32)
    at Function.Module._load (internal/modules/cjs/loader.js:790:14)
    at Object.<anonymous> (C:\Users\mario\AppData\Roaming\npm\node_modules\pm2\lib\ProcessContainerFork.js:33:23)
    at Module._compile (internal/modules/cjs/loader.js:1085:14) {
  code: 'MODULE_NOT_FOUND',
  requireStack: [ 'D:\\backend\\mongo-query\\tas\\App.js' ]
}
Error: Cannot find module 'express'
Require stack:
- D:\backend\mongo-query\tas\App.js
    at Function.Module._resolveFilename (internal/modules/cjs/loader.js:902:15)
    at Module.Hook._require.Module.require (C:\Users\mario\AppData\Roaming\npm\node_modules\pm2\node_modules\require-in-the-middle\index.js:81:25)
    at require (internal/modules/cjs/helpers.js:92:18)
    at Object.<anonymous> (D:\backend\mongo-query\tas\App.js:1:17)
    at Module._compile (internal/modules/cjs/loader.js:1085:14)
    at Object.Module._extensions..js (internal/modules/cjs/loader.js:1114:10)
    at Module.load (internal/modules/cjs/loader.js:950:32)
    at Function.Module._load (internal/modules/cjs/loader.js:790:14)
    at Object.<anonymous> (C:\Users\mario\AppData\Roaming\npm\node_modules\pm2\lib\ProcessContainerFork.js:33:23)
    at Module._compile (internal/modules/cjs/loader.js:1085:14) {
  code: 'MODULE_NOT_FOUND',
  requireStack: [ 'D:\\backend\\mongo-query\\tas\\App.js' ]
}
